<?xml version="1.0" encoding="UTF-8"?>
<testsuite xmlns:xsi="http://www.w3.org/2001/XMLSchema-instance" xsi:noNamespaceSchemaLocation="https://maven.apache.org/surefire/maven-surefire-plugin/xsd/surefire-test-report.xsd" name="LoginUserTests" time="0.717" tests="2" errors="0" skipped="0" failures="0">
  <properties>
[...]
</properties>
  <testcase name="loginUserTest" classname="LoginUserTests" time="0.403"/>
  <testcase name="loginUserWithoutObligatoryField" classname="LoginUserTests" time="0.306"/>
</testsuite>